<?xml version="1.0" encoding="UTF-8"?>
<!-- Generated by org.testng.reporters.JUnitXMLReporter -->
<testsuite hostname="16460.example.de" ignored="0" name="UnitTests" tests="43" failures="0" timestamp="2026-08-20T23:14:12 CEST" time="0.232" errors="0">
  <testcase name="shouldAddAValidEntry" time="0.006" classname="org.example.sftpclient.service.DomainEntryServiceTest"/>
  <testcase name="shouldAddAValidEntry" time="0.001" classname="org.example.sftpclient.service.DomainEntryServiceTest"/>
  <testcase name="shouldAddAValidEntry" time="0.0" classname="org.example.sftpclient.service.DomainEntryServiceTest"/>
  <testcase name="shouldAddAValidEntry" time="0.0" classname="org.example.sftpclient.service.DomainEntryServiceTest"/>
  <testcase name="shouldAddAValidEntry" time="0.0" classname="org.example.sftpclient.service.DomainEntryServiceTest"/>
  <testcase name="shouldDeleteByDomainEntry" time="0.003" classname="org.example.sftpclient.service.DomainEntryServiceTest"/>
  <testcase name="shouldDeleteByDomainEntry" time="0.0" classname="org.example.sftpclient.service.DomainEntryServiceTest"/>
  <testcase name="shouldDeleteByDomainEntry" time="0.001" classname="org.example.sftpclient.service.DomainEntryServiceTest"/>
  <testcase name="shouldDeleteByDomainEntry" time="0.0" classname="org.example.sftpclient.service.DomainEntryServiceTest"/>
  <testcase name="shouldDeleteByDomainEntry" time="0.0" classname="org.example.sftpclient.service.DomainEntryServiceTest"/>
  <testcase name="shouldDeleteByIpEntry" time="0.002" classname="org.example.sftpclient.service.DomainEntryServiceTest"/>
  <testcase name="shouldDeleteByIpEntry" time="0.0" classname="org.example.sftpclient.service.DomainEntryServiceTest"/>
  <testcase name="shouldDeleteByIpEntry" time="0.001" classname="org.example.sftpclient.service.DomainEntryServiceTest"/>
  <testcase name="shouldDeleteByIpEntry" time="0.0" classname="org.example.sftpclient.service.DomainEntryServiceTest"/>
  <testcase name="shouldDeleteByIpEntry" time="0.0" classname="org.example.sftpclient.service.DomainEntryServiceTest"/>
  <testcase name="shouldReturnSortedEntries" time="0.001" classname="org.example.sftpclient.service.DomainEntryServiceTest"/>
  <testcase name="shouldThrowWhenAddingSameDomain" time="0.003" classname="org.example.sftpclient.service.DomainEntryServiceTest"/>
  <testcase name="shouldThrowWhenAddingSameDomain" time="0.001" classname="org.example.sftpclient.service.DomainEntryServiceTest"/>
  <testcase name="shouldThrowWhenAddingSameDomain" time="0.001" classname="org.example.sftpclient.service.DomainEntryServiceTest"/>
  <testcase name="shouldThrowWhenAddingSameIP" time="0.002" classname="org.example.sftpclient.service.DomainEntryServiceTest"/>
  <testcase name="shouldThrowWhenAddingSameIP" time="0.0" classname="org.example.sftpclient.service.DomainEntryServiceTest"/>
  <testcase name="shouldThrowWhenAddingSameIP" time="0.001" classname="org.example.sftpclient.service.DomainEntryServiceTest"/>
  <testcase name="shouldThrowWhenDomainIsInvalid" time="0.001" classname="org.example.sftpclient.service.DomainEntryServiceTest"/>
  <testcase name="shouldThrowWhenDomainIsInvalid" time="0.0" classname="org.example.sftpclient.service.DomainEntryServiceTest"/>
  <testcase name="shouldThrowWhenIPIsInvalid" time="0.001" classname="org.example.sftpclient.service.DomainEntryServiceTest"/>
  <testcase name="shouldThrowWhenIPIsInvalid" time="0.0" classname="org.example.sftpclient.service.DomainEntryServiceTest"/>
  <testcase name="shouldThrowWhenIPIsInvalid" time="0.001" classname="org.example.sftpclient.service.DomainEntryServiceTest"/>
  <testcase name="shouldThrowWhenIPIsInvalid" time="0.0" classname="org.example.sftpclient.service.DomainEntryServiceTest"/>
  <testcase name="shouldThrowWhenIPIsInvalid" time="0.001" classname="org.example.sftpclient.service.DomainEntryServiceTest"/>
  <testcase name="shouldParseValidJsonIntoEntries" time="0.007" classname="org.example.sftpclient.json.MinimalJsonParserTest"/>
  <testcase name="shouldWriteAValidJson" time="0.001" classname="org.example.sftpclient.json.MinimalJsonWriterTest"/>
  <testcase name="shouldDoTheRoundTrip" time="0.002" classname="org.example.sftpclient.json.MinimalJsonRoundTripTest"/>
  <testcase name="shouldReturnFalseForInvalidIPs" time="0.0" classname="org.example.sftpclient.validator.IPValidatorTest"/>
  <testcase name="shouldReturnFalseForInvalidIPs" time="0.0" classname="org.example.sftpclient.validator.IPValidatorTest"/>
  <testcase name="shouldReturnFalseForInvalidIPs" time="0.0" classname="org.example.sftpclient.validator.IPValidatorTest"/>
  <testcase name="shouldReturnFalseForInvalidIPs" time="0.0" classname="org.example.sftpclient.validator.IPValidatorTest"/>
  <testcase name="shouldReturnFalseForInvalidIPs" time="0.0" classname="org.example.sftpclient.validator.IPValidatorTest"/>
  <testcase name="shouldReturnFalseForInvalidIPs" time="0.001" classname="org.example.sftpclient.validator.IPValidatorTest"/>
  <testcase name="shouldReturnTrueForValidIPs" time="0.001" classname="org.example.sftpclient.validator.IPValidatorTest"/>
  <testcase name="shouldReturnTrueForValidIPs" time="0.0" classname="org.example.sftpclient.validator.IPValidatorTest"/>
  <testcase name="shouldReturnTrueForValidIPs" time="0.001" classname="org.example.sftpclient.validator.IPValidatorTest"/>
  <testcase name="shouldReturnTrueForValidIPs" time="0.0" classname="org.example.sftpclient.validator.IPValidatorTest"/>
  <testcase name="shouldReturnTrueForValidIPs" time="0.0" classname="org.example.sftpclient.validator.IPValidatorTest"/>
</testsuite> <!-- UnitTests -->
