<?xml version="1.0" encoding="UTF-8"?>
<!-- Generated by org.testng.reporters.JUnitReportReporter -->
<testsuite skipped="0" hostname="16460.example.de" name="org.example.sftpclient.json.MinimalJsonParserTest" tests="1" failures="0" timestamp="2026-08-20T23:14:13 CEST" time="0.007" errors="0">
  <testcase name="shouldParseValidJsonIntoEntries" time="0.007" classname="org.example.sftpclient.json.MinimalJsonParserTest"/>
  <system-out/>
</testsuite> <!-- org.example.sftpclient.json.MinimalJsonParserTest -->
