<?xml version="1.0" encoding="UTF-8"?>
<!-- Generated by org.testng.reporters.JUnitReportReporter -->
<testsuite skipped="0" hostname="16460.example.de" name="org.example.sftpclient.json.MinimalJsonRoundTripTest" tests="1" failures="0" timestamp="2026-08-20T23:14:13 CEST" time="0.002" errors="0">
  <testcase name="shouldDoTheRoundTrip" time="0.002" classname="org.example.sftpclient.json.MinimalJsonRoundTripTest"/>
  <system-out/>
</testsuite> <!-- org.example.sftpclient.json.MinimalJsonRoundTripTest -->
