<?xml version="1.0" encoding="UTF-8"?>
<!-- Generated by org.testng.reporters.JUnitReportReporter -->
<testsuite skipped="0" hostname="16460.example.de" name="org.example.sftpclient.validator.IPValidatorTest" tests="11" failures="0" timestamp="2026-08-20T23:14:13 CEST" time="0.003" errors="0">
  <testcase name="shouldReturnTrueForValidIPs" time="0.001" classname="org.example.sftpclient.validator.IPValidatorTest"/>
  <system-out/>
  <testcase name="shouldReturnTrueForValidIPs" time="0.001" classname="org.example.sftpclient.validator.IPValidatorTest"/>
  <system-out/>
  <testcase name="shouldReturnTrueForValidIPs" time="0.000" classname="org.example.sftpclient.validator.IPValidatorTest"/>
  <system-out/>
  <testcase name="shouldReturnFalseForInvalidIPs" time="0.000" classname="org.example.sftpclient.validator.IPValidatorTest"/>
  <system-out/>
  <testcase name="shouldReturnTrueForValidIPs" time="0.000" classname="org.example.sftpclient.validator.IPValidatorTest"/>
  <system-out/>
  <testcase name="shouldReturnFalseForInvalidIPs" time="0.000" classname="org.example.sftpclient.validator.IPValidatorTest"/>
  <system-out/>
  <testcase name="shouldReturnFalseForInvalidIPs" time="0.000" classname="org.example.sftpclient.validator.IPValidatorTest"/>
  <system-out/>
  <testcase name="shouldReturnFalseForInvalidIPs" time="0.001" classname="org.example.sftpclient.validator.IPValidatorTest"/>
  <system-out/>
  <testcase name="shouldReturnFalseForInvalidIPs" time="0.000" classname="org.example.sftpclient.validator.IPValidatorTest"/>
  <system-out/>
  <testcase name="shouldReturnTrueForValidIPs" time="0.000" classname="org.example.sftpclient.validator.IPValidatorTest"/>
  <system-out/>
  <testcase name="shouldReturnFalseForInvalidIPs" time="0.000" classname="org.example.sftpclient.validator.IPValidatorTest"/>
  <system-out/>
</testsuite> <!-- org.example.sftpclient.validator.IPValidatorTest -->
