<?xml version="1.0" encoding="UTF-8"?>
<!-- Generated by org.testng.reporters.JUnitReportReporter -->
<testsuite skipped="0" hostname="16460.example.de" name="org.example.sftpclient.service.DomainEntryServiceTest" tests="29" failures="0" timestamp="2026-08-20T23:14:13 CEST" time="0.053" errors="0">
  <testcase name="shouldDeleteByIpEntry" time="0.000" classname="org.example.sftpclient.service.DomainEntryServiceTest"/>
  <system-out/>
  <testcase name="shouldThrowWhenAddingSameDomain" time="0.004" classname="org.example.sftpclient.service.DomainEntryServiceTest"/>
  <system-out/>
  <testcase name="shouldThrowWhenIPIsInvalid" time="0.002" classname="org.example.sftpclient.service.DomainEntryServiceTest"/>
  <system-out/>
  <testcase name="shouldThrowWhenIPIsInvalid" time="0.001" classname="org.example.sftpclient.service.DomainEntryServiceTest"/>
  <system-out/>
  <testcase name="shouldThrowWhenDomainIsInvalid" time="0.000" classname="org.example.sftpclient.service.DomainEntryServiceTest"/>
  <system-out/>
  <testcase name="shouldThrowWhenIPIsInvalid" time="0.001" classname="org.example.sftpclient.service.DomainEntryServiceTest"/>
  <system-out/>
  <testcase name="shouldAddAValidEntry" time="0.001" classname="org.example.sftpclient.service.DomainEntryServiceTest"/>
  <system-out/>
  <testcase name="shouldThrowWhenDomainIsInvalid" time="0.001" classname="org.example.sftpclient.service.DomainEntryServiceTest"/>
  <system-out/>
  <testcase name="shouldThrowWhenIPIsInvalid" time="0.001" classname="org.example.sftpclient.service.DomainEntryServiceTest"/>
  <system-out/>
  <testcase name="shouldDeleteByDomainEntry" time="0.001" classname="org.example.sftpclient.service.DomainEntryServiceTest"/>
  <system-out/>
  <testcase name="shouldAddAValidEntry" time="0.000" classname="org.example.sftpclient.service.DomainEntryServiceTest"/>
  <system-out/>
  <testcase name="shouldAddAValidEntry" time="0.000" classname="org.example.sftpclient.service.DomainEntryServiceTest"/>
  <system-out/>
  <testcase name="shouldThrowWhenIPIsInvalid" time="0.001" classname="org.example.sftpclient.service.DomainEntryServiceTest"/>
  <system-out/>
  <testcase name="shouldDeleteByDomainEntry" time="0.000" classname="org.example.sftpclient.service.DomainEntryServiceTest"/>
  <system-out/>
  <testcase name="shouldAddAValidEntry" time="0.007" classname="org.example.sftpclient.service.DomainEntryServiceTest"/>
  <system-out/>
  <testcase name="shouldDeleteByIpEntry" time="0.001" classname="org.example.sftpclient.service.DomainEntryServiceTest"/>
  <system-out/>
  <testcase name="shouldThrowWhenAddingSameDomain" time="0.002" classname="org.example.sftpclient.service.DomainEntryServiceTest"/>
  <system-out/>
  <testcase name="shouldThrowWhenAddingSameIP" time="0.000" classname="org.example.sftpclient.service.DomainEntryServiceTest"/>
  <system-out/>
  <testcase name="shouldDeleteByIpEntry" time="0.012" classname="org.example.sftpclient.service.DomainEntryServiceTest"/>
  <system-out/>
  <testcase name="shouldDeleteByDomainEntry" time="0.003" classname="org.example.sftpclient.service.DomainEntryServiceTest"/>
  <system-out/>
  <testcase name="shouldDeleteByDomainEntry" time="0.000" classname="org.example.sftpclient.service.DomainEntryServiceTest"/>
  <system-out/>
  <testcase name="shouldThrowWhenAddingSameIP" time="0.003" classname="org.example.sftpclient.service.DomainEntryServiceTest"/>
  <system-out/>
  <testcase name="shouldDeleteByDomainEntry" time="0.003" classname="org.example.sftpclient.service.DomainEntryServiceTest"/>
  <system-out/>
  <testcase name="shouldReturnSortedEntries" time="0.001" classname="org.example.sftpclient.service.DomainEntryServiceTest"/>
  <system-out/>
  <testcase name="shouldDeleteByIpEntry" time="0.001" classname="org.example.sftpclient.service.DomainEntryServiceTest"/>
  <system-out/>
  <testcase name="shouldDeleteByIpEntry" time="0.002" classname="org.example.sftpclient.service.DomainEntryServiceTest"/>
  <system-out/>
  <testcase name="shouldThrowWhenAddingSameIP" time="0.002" classname="org.example.sftpclient.service.DomainEntryServiceTest"/>
  <system-out/>
  <testcase name="shouldThrowWhenAddingSameDomain" time="0.001" classname="org.example.sftpclient.service.DomainEntryServiceTest"/>
  <system-out/>
  <testcase name="shouldAddAValidEntry" time="0.002" classname="org.example.sftpclient.service.DomainEntryServiceTest"/>
  <system-out/>
</testsuite> <!-- org.example.sftpclient.service.DomainEntryServiceTest -->
